17:34:38 **** Incremental Build of configuration Default for project uart ****
make all 
including /home/hatta/esp/ESP8266_RTOS_SDK/components/app_update/Makefile.projbuild...
including /home/hatta/esp/ESP8266_RTOS_SDK/components/bootloader/Makefile.projbuild...
including /home/hatta/esp/ESP8266_RTOS_SDK/components/bootloader_support/Makefile.projbuild...
including /home/hatta/esp/ESP8266_RTOS_SDK/components/esp-wolfssl/Makefile.projbuild...
including /home/hatta/esp/ESP8266_RTOS_SDK/components/esp8266/Makefile.projbuild...
including /home/hatta/esp/ESP8266_RTOS_SDK/components/esptool_py/Makefile.projbuild...
including /home/hatta/esp/ESP8266_RTOS_SDK/components/mbedtls/Makefile.projbuild...
including /home/hatta/esp/ESP8266_RTOS_SDK/components/partition_table/Makefile.projbuild...
Toolchain path: /opt/xtensa-lx106-elf/bin/xtensa-lx106-elf-gcc
Toolchain version: esp-2020r3-49-gd5524c1
Compiler version: 8.4.0
python /home/hatta/esp/ESP8266_RTOS_SDK/tools/check_python_dependencies.py
Python requirements from C:/msys32/home/hatta/esp/ESP8266_RTOS_SDK\requirements.txt are satisfied.
PROJECT_PATH= COMPONENT_DIRS= /usr/bin/make -C /home/hatta/esp/ESP8266_RTOS_SDK/components/bootloader/subproject V=1 BUILD_DIR_BASE=/home/hatta/esp/hello_world1/build/bootloader TEST_COMPONENTS= TESTS_ALL= /home/hatta/esp/hello_world1/build/bootloader/bootloader.bin
make[1]: Entering directory '/home/hatta/esp/ESP8266_RTOS_SDK/components/bootloader/subproject'
including /home/hatta/esp/ESP8266_RTOS_SDK/components/esptool_py/Makefile.projbuild...
including /home/hatta/esp/ESP8266_RTOS_SDK/components/bootloader_support/Makefile.projbuild...
including /home/hatta/esp/ESP8266_RTOS_SDK/components/esp8266/Makefile.projbuild...
/usr/bin/make -C /home/hatta/esp/hello_world1/build/bootloader/main -f /home/hatta/esp/ESP8266_RTOS_SDK/make/component_wrapper.mk COMPONENT_MAKEFILE=/home/hatta/esp/ESP8266_RTOS_SDK/components/bootloader/subproject/main/component.mk COMPONENT_NAME=main build
make[2]: Entering directory '/home/hatta/esp/hello_world1/build/bootloader/main'
make[2]: Nothing to be done for 'build'.
make[2]: Leaving directory '/home/hatta/esp/hello_world1/build/bootloader/main'
Target 'component-main-build' responsible for '/home/hatta/esp/hello_world1/build/bootloader/main/libmain.a'
/usr/bin/make -C /home/hatta/esp/hello_world1/build/bootloader/bootloader_support -f /home/hatta/esp/ESP8266_RTOS_SDK/make/component_wrapper.mk COMPONENT_MAKEFILE=/home/hatta/esp/ESP8266_RTOS_SDK/components/bootloader_support/component.mk COMPONENT_NAME=bootloader_support build
make[2]: Entering directory '/home/hatta/esp/hello_world1/build/bootloader/bootloader_support'
make[2]: Nothing to be done for 'build'.
make[2]: Leaving directory '/home/hatta/esp/hello_world1/build/bootloader/bootloader_support'
Target 'component-bootloader_support-build' responsible for '/home/hatta/esp/hello_world1/build/bootloader/bootloader_support/libbootloader_support.a'
/usr/bin/make -C /home/hatta/esp/hello_world1/build/bootloader/spi_flash -f /home/hatta/esp/ESP8266_RTOS_SDK/make/component_wrapper.mk COMPONENT_MAKEFILE=/home/hatta/esp/ESP8266_RTOS_SDK/components/spi_flash/component.mk COMPONENT_NAME=spi_flash build
make[2]: Entering directory '/home/hatta/esp/hello_world1/build/bootloader/spi_flash'
make[2]: Nothing to be done for 'build'.
make[2]: Leaving directory '/home/hatta/esp/hello_world1/build/bootloader/spi_flash'
Target 'component-spi_flash-build' responsible for '/home/hatta/esp/hello_world1/build/bootloader/spi_flash/libspi_flash.a'
/usr/bin/make -C /home/hatta/esp/hello_world1/build/bootloader/log -f /home/hatta/esp/ESP8266_RTOS_SDK/make/component_wrapper.mk COMPONENT_MAKEFILE=/home/hatta/esp/ESP8266_RTOS_SDK/components/log/component.mk COMPONENT_NAME=log build
make[2]: Entering directory '/home/hatta/esp/hello_world1/build/bootloader/log'
make[2]: Nothing to be done for 'build'.
make[2]: Leaving directory '/home/hatta/esp/hello_world1/build/bootloader/log'
Target 'component-log-build' responsible for '/home/hatta/esp/hello_world1/build/bootloader/log/liblog.a'
/usr/bin/make -C /home/hatta/esp/hello_world1/build/bootloader/esp8266 -f /home/hatta/esp/ESP8266_RTOS_SDK/make/component_wrapper.mk COMPONENT_MAKEFILE=/home/hatta/esp/ESP8266_RTOS_SDK/components/esp8266/component.mk COMPONENT_NAME=esp8266 build
make[2]: Entering directory '/home/hatta/esp/hello_world1/build/bootloader/esp8266'
make[2]: Nothing to be done for 'build'.
make[2]: Leaving directory '/home/hatta/esp/hello_world1/build/bootloader/esp8266'
Target 'component-esp8266-build' responsible for '/home/hatta/esp/hello_world1/build/bootloader/esp8266/libesp8266.a'
make[1]: Leaving directory '/home/hatta/esp/ESP8266_RTOS_SDK/components/bootloader/subproject'
/usr/bin/make -C /home/hatta/esp/hello_world1/build/app_update -f /home/hatta/esp/ESP8266_RTOS_SDK/make/component_wrapper.mk COMPONENT_MAKEFILE=/home/hatta/esp/ESP8266_RTOS_SDK/components/app_update/component.mk COMPONENT_NAME=app_update build
make[1]: Entering directory '/home/hatta/esp/hello_world1/build/app_update'
App "hello-world" version: 70ec61c-dirty
make[1]: Nothing to be done for 'build'.
make[1]: Leaving directory '/home/hatta/esp/hello_world1/build/app_update'
Target 'component-app_update-build' responsible for '/home/hatta/esp/hello_world1/build/app_update/libapp_update.a'
/usr/bin/make -C /home/hatta/esp/hello_world1/build/bootloader_support -f /home/hatta/esp/ESP8266_RTOS_SDK/make/component_wrapper.mk COMPONENT_MAKEFILE=/home/hatta/esp/ESP8266_RTOS_SDK/components/bootloader_support/component.mk COMPONENT_NAME=bootloader_support build
make[1]: Entering directory '/home/hatta/esp/hello_world1/build/bootloader_support'
make[1]: Nothing to be done for 'build'.
make[1]: Leaving directory '/home/hatta/esp/hello_world1/build/bootloader_support'
Target 'component-bootloader_support-build' responsible for '/home/hatta/esp/hello_world1/build/bootloader_support/libbootloader_support.a'
/usr/bin/make -C /home/hatta/esp/hello_world1/build/coap -f /home/hatta/esp/ESP8266_RTOS_SDK/make/component_wrapper.mk COMPONENT_MAKEFILE=/home/hatta/esp/ESP8266_RTOS_SDK/components/coap/component.mk COMPONENT_NAME=coap build
make[1]: Entering directory '/home/hatta/esp/hello_world1/build/coap'
make[1]: Nothing to be done for 'build'.
make[1]: Leaving directory '/home/hatta/esp/hello_world1/build/coap'
Target 'component-coap-build' responsible for '/home/hatta/esp/hello_world1/build/coap/libcoap.a'
/usr/bin/make -C /home/hatta/esp/hello_world1/build/console -f /home/hatta/esp/ESP8266_RTOS_SDK/make/component_wrapper.mk COMPONENT_MAKEFILE=/home/hatta/esp/ESP8266_RTOS_SDK/components/console/component.mk COMPONENT_NAME=console build
make[1]: Entering directory '/home/hatta/esp/hello_world1/build/console'
make[1]: Nothing to be done for 'build'.
make[1]: Leaving directory '/home/hatta/esp/hello_world1/build/console'
Target 'component-console-build' responsible for '/home/hatta/esp/hello_world1/build/console/libconsole.a'
/usr/bin/make -C /home/hatta/esp/hello_world1/build/esp-tls -f /home/hatta/esp/ESP8266_RTOS_SDK/make/component_wrapper.mk COMPONENT_MAKEFILE=/home/hatta/esp/ESP8266_RTOS_SDK/components/esp-tls/component.mk COMPONENT_NAME=esp-tls build
make[1]: Entering directory '/home/hatta/esp/hello_world1/build/esp-tls'
make[1]: Nothing to be done for 'build'.
make[1]: Leaving directory '/home/hatta/esp/hello_world1/build/esp-tls'
Target 'component-esp-tls-build' responsible for '/home/hatta/esp/hello_world1/build/esp-tls/libesp-tls.a'
/usr/bin/make -C /home/hatta/esp/hello_world1/build/esp-wolfssl -f /home/hatta/esp/ESP8266_RTOS_SDK/make/component_wrapper.mk COMPONENT_MAKEFILE=/home/hatta/esp/ESP8266_RTOS_SDK/components/esp-wolfssl/component.mk COMPONENT_NAME=esp-wolfssl build
make[1]: Entering directory '/home/hatta/esp/hello_world1/build/esp-wolfssl'
make[1]: Nothing to be done for 'build'.
make[1]: Leaving directory '/home/hatta/esp/hello_world1/build/esp-wolfssl'
Target 'component-esp-wolfssl-build' responsible for '/home/hatta/esp/hello_world1/build/esp-wolfssl/libesp-wolfssl.a'
/usr/bin/make -C /home/hatta/esp/hello_world1/build/esp8266 -f /home/hatta/esp/ESP8266_RTOS_SDK/make/component_wrapper.mk COMPONENT_MAKEFILE=/home/hatta/esp/ESP8266_RTOS_SDK/components/esp8266/component.mk COMPONENT_NAME=esp8266 build
make[1]: Entering directory '/home/hatta/esp/hello_world1/build/esp8266'
make[1]: Nothing to be done for 'build'.
make[1]: Leaving directory '/home/hatta/esp/hello_world1/build/esp8266'
Target 'component-esp8266-build' responsible for '/home/hatta/esp/hello_world1/build/esp8266/libesp8266.a'
/usr/bin/make -C /home/hatta/esp/hello_world1/build/esp_common -f /home/hatta/esp/ESP8266_RTOS_SDK/make/component_wrapper.mk COMPONENT_MAKEFILE=/home/hatta/esp/ESP8266_RTOS_SDK/components/esp_common/component.mk COMPONENT_NAME=esp_common build
make[1]: Entering directory '/home/hatta/esp/hello_world1/build/esp_common'
make[1]: Nothing to be done for 'build'.
make[1]: Leaving directory '/home/hatta/esp/hello_world1/build/esp_common'
Target 'component-esp_common-build' responsible for '/home/hatta/esp/hello_world1/build/esp_common/libesp_common.a'
/usr/bin/make -C /home/hatta/esp/hello_world1/build/esp_event -f /home/hatta/esp/ESP8266_RTOS_SDK/make/component_wrapper.mk COMPONENT_MAKEFILE=/home/hatta/esp/ESP8266_RTOS_SDK/components/esp_event/component.mk COMPONENT_NAME=esp_event build
make[1]: Entering directory '/home/hatta/esp/hello_world1/build/esp_event'
make[1]: Nothing to be done for 'build'.
make[1]: Leaving directory '/home/hatta/esp/hello_world1/build/esp_event'
Target 'component-esp_event-build' responsible for '/home/hatta/esp/hello_world1/build/esp_event/libesp_event.a'
/usr/bin/make -C /home/hatta/esp/hello_world1/build/esp_gdbstub -f /home/hatta/esp/ESP8266_RTOS_SDK/make/component_wrapper.mk COMPONENT_MAKEFILE=/home/hatta/esp/ESP8266_RTOS_SDK/components/esp_gdbstub/component.mk COMPONENT_NAME=esp_gdbstub build
make[1]: Entering directory '/home/hatta/esp/hello_world1/build/esp_gdbstub'
make[1]: Nothing to be done for 'build'.
make[1]: Leaving directory '/home/hatta/esp/hello_world1/build/esp_gdbstub'
Target 'component-esp_gdbstub-build' responsible for '/home/hatta/esp/hello_world1/build/esp_gdbstub/libesp_gdbstub.a'
/usr/bin/make -C /home/hatta/esp/hello_world1/build/esp_http_client -f /home/hatta/esp/ESP8266_RTOS_SDK/make/component_wrapper.mk COMPONENT_MAKEFILE=/home/hatta/esp/ESP8266_RTOS_SDK/components/esp_http_client/component.mk COMPONENT_NAME=esp_http_client build
make[1]: Entering directory '/home/hatta/esp/hello_world1/build/esp_http_client'
make[1]: Nothing to be done for 'build'.
make[1]: Leaving directory '/home/hatta/esp/hello_world1/build/esp_http_client'
Target 'component-esp_http_client-build' responsible for '/home/hatta/esp/hello_world1/build/esp_http_client/libesp_http_client.a'
/usr/bin/make -C /home/hatta/esp/hello_world1/build/esp_http_server -f /home/hatta/esp/ESP8266_RTOS_SDK/make/component_wrapper.mk COMPONENT_MAKEFILE=/home/hatta/esp/ESP8266_RTOS_SDK/components/esp_http_server/component.mk COMPONENT_NAME=esp_http_server build
make[1]: Entering directory '/home/hatta/esp/hello_world1/build/esp_http_server'
make[1]: Nothing to be done for 'build'.
make[1]: Leaving directory '/home/hatta/esp/hello_world1/build/esp_http_server'
Target 'component-esp_http_server-build' responsible for '/home/hatta/esp/hello_world1/build/esp_http_server/libesp_http_server.a'
/usr/bin/make -C /home/hatta/esp/hello_world1/build/esp_https_ota -f /home/hatta/esp/ESP8266_RTOS_SDK/make/component_wrapper.mk COMPONENT_MAKEFILE=/home/hatta/esp/ESP8266_RTOS_SDK/components/esp_https_ota/component.mk COMPONENT_NAME=esp_https_ota build
make[1]: Entering directory '/home/hatta/esp/hello_world1/build/esp_https_ota'
make[1]: Nothing to be done for 'build'.
make[1]: Leaving directory '/home/hatta/esp/hello_world1/build/esp_https_ota'
Target 'component-esp_https_ota-build' responsible for '/home/hatta/esp/hello_world1/build/esp_https_ota/libesp_https_ota.a'
/usr/bin/make -C /home/hatta/esp/hello_world1/build/esp_ringbuf -f /home/hatta/esp/ESP8266_RTOS_SDK/make/component_wrapper.mk COMPONENT_MAKEFILE=/home/hatta/esp/ESP8266_RTOS_SDK/components/esp_ringbuf/component.mk COMPONENT_NAME=esp_ringbuf build
make[1]: Entering directory '/home/hatta/esp/hello_world1/build/esp_ringbuf'
make[1]: Nothing to be done for 'build'.
make[1]: Leaving directory '/home/hatta/esp/hello_world1/build/esp_ringbuf'
Target 'component-esp_ringbuf-build' responsible for '/home/hatta/esp/hello_world1/build/esp_ringbuf/libesp_ringbuf.a'
/usr/bin/make -C /home/hatta/esp/hello_world1/build/fatfs -f /home/hatta/esp/ESP8266_RTOS_SDK/make/component_wrapper.mk COMPONENT_MAKEFILE=/home/hatta/esp/ESP8266_RTOS_SDK/components/fatfs/component.mk COMPONENT_NAME=fatfs build
make[1]: Entering directory '/home/hatta/esp/hello_world1/build/fatfs'
make[1]: Nothing to be done for 'build'.
make[1]: Leaving directory '/home/hatta/esp/hello_world1/build/fatfs'
Target 'component-fatfs-build' responsible for '/home/hatta/esp/hello_world1/build/fatfs/libfatfs.a'
/usr/bin/make -C /home/hatta/esp/hello_world1/build/freemodbus -f /home/hatta/esp/ESP8266_RTOS_SDK/make/component_wrapper.mk COMPONENT_MAKEFILE=/home/hatta/esp/ESP8266_RTOS_SDK/components/freemodbus/component.mk COMPONENT_NAME=freemodbus build
make[1]: Entering directory '/home/hatta/esp/hello_world1/build/freemodbus'
make[1]: Nothing to be done for 'build'.
make[1]: Leaving directory '/home/hatta/esp/hello_world1/build/freemodbus'
Target 'component-freemodbus-build' responsible for '/home/hatta/esp/hello_world1/build/freemodbus/libfreemodbus.a'
/usr/bin/make -C /home/hatta/esp/hello_world1/build/freertos -f /home/hatta/esp/ESP8266_RTOS_SDK/make/component_wrapper.mk COMPONENT_MAKEFILE=/home/hatta/esp/ESP8266_RTOS_SDK/components/freertos/component.mk COMPONENT_NAME=freertos build
make[1]: Entering directory '/home/hatta/esp/hello_world1/build/freertos'
make[1]: Nothing to be done for 'build'.
make[1]: Leaving directory '/home/hatta/esp/hello_world1/build/freertos'
Target 'component-freertos-build' responsible for '/home/hatta/esp/hello_world1/build/freertos/libfreertos.a'
/usr/bin/make -C /home/hatta/esp/hello_world1/build/heap -f /home/hatta/esp/ESP8266_RTOS_SDK/make/component_wrapper.mk COMPONENT_MAKEFILE=/home/hatta/esp/ESP8266_RTOS_SDK/components/heap/component.mk COMPONENT_NAME=heap build
make[1]: Entering directory '/home/hatta/esp/hello_world1/build/heap'
make[1]: Nothing to be done for 'build'.
make[1]: Leaving directory '/home/hatta/esp/hello_world1/build/heap'
Target 'component-heap-build' responsible for '/home/hatta/esp/hello_world1/build/heap/libheap.a'
/usr/bin/make -C /home/hatta/esp/hello_world1/build/http_parser -f /home/hatta/esp/ESP8266_RTOS_SDK/make/component_wrapper.mk COMPONENT_MAKEFILE=/home/hatta/esp/ESP8266_RTOS_SDK/components/http_parser/component.mk COMPONENT_NAME=http_parser build
make[1]: Entering directory '/home/hatta/esp/hello_world1/build/http_parser'
make[1]: Nothing to be done for 'build'.
make[1]: Leaving directory '/home/hatta/esp/hello_world1/build/http_parser'
Target 'component-http_parser-build' responsible for '/home/hatta/esp/hello_world1/build/http_parser/libhttp_parser.a'
/usr/bin/make -C /home/hatta/esp/hello_world1/build/jsmn -f /home/hatta/esp/ESP8266_RTOS_SDK/make/component_wrapper.mk COMPONENT_MAKEFILE=/home/hatta/esp/ESP8266_RTOS_SDK/components/jsmn/component.mk COMPONENT_NAME=jsmn build
make[1]: Entering directory '/home/hatta/esp/hello_world1/build/jsmn'
make[1]: Nothing to be done for 'build'.
make[1]: Leaving directory '/home/hatta/esp/hello_world1/build/jsmn'
Target 'component-jsmn-build' responsible for '/home/hatta/esp/hello_world1/build/jsmn/libjsmn.a'
/usr/bin/make -C /home/hatta/esp/hello_world1/build/json -f /home/hatta/esp/ESP8266_RTOS_SDK/make/component_wrapper.mk COMPONENT_MAKEFILE=/home/hatta/esp/ESP8266_RTOS_SDK/components/json/component.mk COMPONENT_NAME=json build
make[1]: Entering directory '/home/hatta/esp/hello_world1/build/json'
make[1]: Nothing to be done for 'build'.
make[1]: Leaving directory '/home/hatta/esp/hello_world1/build/json'
Target 'component-json-build' responsible for '/home/hatta/esp/hello_world1/build/json/libjson.a'
/usr/bin/make -C /home/hatta/esp/hello_world1/build/libsodium -f /home/hatta/esp/ESP8266_RTOS_SDK/make/component_wrapper.mk COMPONENT_MAKEFILE=/home/hatta/esp/ESP8266_RTOS_SDK/components/libsodium/component.mk COMPONENT_NAME=libsodium build
make[1]: Entering directory '/home/hatta/esp/hello_world1/build/libsodium'
make[1]: Nothing to be done for 'build'.
make[1]: Leaving directory '/home/hatta/esp/hello_world1/build/libsodium'
Target 'component-libsodium-build' responsible for '/home/hatta/esp/hello_world1/build/libsodium/liblibsodium.a'
/usr/bin/make -C /home/hatta/esp/hello_world1/build/log -f /home/hatta/esp/ESP8266_RTOS_SDK/make/component_wrapper.mk COMPONENT_MAKEFILE=/home/hatta/esp/ESP8266_RTOS_SDK/components/log/component.mk COMPONENT_NAME=log build
make[1]: Entering directory '/home/hatta/esp/hello_world1/build/log'
make[1]: Nothing to be done for 'build'.
make[1]: Leaving directory '/home/hatta/esp/hello_world1/build/log'
Target 'component-log-build' responsible for '/home/hatta/esp/hello_world1/build/log/liblog.a'
/usr/bin/make -C /home/hatta/esp/hello_world1/build/lwip -f /home/hatta/esp/ESP8266_RTOS_SDK/make/component_wrapper.mk COMPONENT_MAKEFILE=/home/hatta/esp/ESP8266_RTOS_SDK/components/lwip/component.mk COMPONENT_NAME=lwip build
make[1]: Entering directory '/home/hatta/esp/hello_world1/build/lwip'
make[1]: Nothing to be done for 'build'.
make[1]: Leaving directory '/home/hatta/esp/hello_world1/build/lwip'
Target 'component-lwip-build' responsible for '/home/hatta/esp/hello_world1/build/lwip/liblwip.a'
/usr/bin/make -C /home/hatta/esp/hello_world1/build/main -f /home/hatta/esp/ESP8266_RTOS_SDK/make/component_wrapper.mk COMPONENT_MAKEFILE=/home/hatta/esp/hello_world1/main/component.mk COMPONENT_NAME=main build
make[1]: Entering directory '/home/hatta/esp/hello_world1/build/main'
xtensa-lx106-elf-gcc -std=gnu99 -Og -ggdb -Wno-frame-address -ffunction-sections -fdata-sections -fstrict-volatile-bitfields -mlongcalls -nostdlib -Wall -Werror=all -Wno-error=unused-function -Wno-error=unused-but-set-variable -Wno-error=unused-variable -Wno-error=deprecated-declarations -Wextra -Wno-unused-parameter -Wno-sign-compare -Wno-old-style-declaration -DICACHE_FLASH -D__ESP_FILE__='"main.c"' -DAPP_OFFSET=0x10000 -DAPP_SIZE=0xf0000 -DESP_PLATFORM -D IDF_VER=\"v3.4-104-g2f586ea4-dirty\" -MMD -MP   -D_GNU_SOURCE -DGCC_NOT_5_2_0=1 -DMBEDTLS_CONFIG_FILE='"mbedtls/esp_config.h"' -DCONFIG_SSL_USING_MBEDTLS -I /home/hatta/esp/hello_world1/main/include -I /home/hatta/esp/ESP8266_RTOS_SDK/components/app_update/include -I /home/hatta/esp/ESP8266_RTOS_SDK/components/bootloader_support/include -I /home/hatta/esp/ESP8266_RTOS_SDK/components/coap/include -I /home/hatta/esp/ESP8266_RTOS_SDK/components/console -I /home/hatta/esp/ESP8266_RTOS_SDK/components/esp-tls -I /home/hatta/esp/ESP8266_RTOS_SDK/components/esp-tls/private_include -I /home/hatta/esp/ESP8266_RTOS_SDK/components/esp-wolfssl/include -I /home/hatta/esp/ESP8266_RTOS_SDK/components/esp8266/include -I /home/hatta/esp/ESP8266_RTOS_SDK/components/esp8266/include -I /home/hatta/esp/ESP8266_RTOS_SDK/components/esp_common/include -I /home/hatta/esp/ESP8266_RTOS_SDK/components/esp_event/include -I /home/hatta/esp/ESP8266_RTOS_SDK/components/esp_gdbstub/include -I /home/hatta/esp/ESP8266_RTOS_SDK/components/esp_http_client/include -I /home/hatta/esp/ESP8266_RTOS_SDK/components/esp_http_server/include -I /home/hatta/esp/ESP8266_RTOS_SDK/components/esp_https_ota/include -I /home/hatta/esp/ESP8266_RTOS_SDK/components/esp_ringbuf/include -I /home/hatta/esp/ESP8266_RTOS_SDK/components/esp_ringbuf/include/freertos -I /home/hatta/esp/ESP8266_RTOS_SDK/components/fatfs/diskio -I /home/hatta/esp/ESP8266_RTOS_SDK/components/fatfs/vfs -I /home/hatta/esp/ESP8266_RTOS_SDK/components/fatfs/src -I /home/hatta/esp/ESP8266_RTOS_SDK/components/freemodbus/common/include -I /home/hatta/esp/ESP8266_RTOS_SDK/components/freertos/include -I /home/hatta/esp/ESP8266_RTOS_SDK/components/freertos/include -I /home/hatta/esp/ESP8266_RTOS_SDK/components/freertos/include/freertos -I /home/hatta/esp/ESP8266_RTOS_SDK/components/freertos/include/freertos/private -I /home/hatta/esp/ESP8266_RTOS_SDK/components/freertos/port/esp8266/include -I /home/hatta/esp/ESP8266_RTOS_SDK/components/freertos/port/esp8266/include/freertos -I /home/hatta/esp/ESP8266_RTOS_SDK/components/heap/include -I /home/hatta/esp/ESP8266_RTOS_SDK/components/heap/port/esp8266/include -I /home/hatta/esp/ESP8266_RTOS_SDK/components/http_parser/include -I /home/hatta/esp/ESP8266_RTOS_SDK/components/jsmn/include -I /home/hatta/esp/ESP8266_RTOS_SDK/components/json/cJSON -I /home/hatta/esp/ESP8266_RTOS_SDK/components/libsodium/libsodium/src/libsodium/include -I /home/hatta/esp/ESP8266_RTOS_SDK/components/libsodium/port_include -I /home/hatta/esp/ESP8266_RTOS_SDK/components/log/include -I /home/hatta/esp/ESP8266_RTOS_SDK/components/lwip/include/apps -I /home/hatta/esp/ESP8266_RTOS_SDK/components/lwip/include/apps/sntp -I /home/hatta/esp/ESP8266_RTOS_SDK/components/lwip/lwip/src/include -I /home/hatta/esp/ESP8266_RTOS_SDK/components/lwip/port/esp8266/include -I /home/hatta/esp/ESP8266_RTOS_SDK/components/lwip/port/esp8266/include/arch -I /home/hatta/esp/ESP8266_RTOS_SDK/components/mbedtls/port/include -I /home/hatta/esp/ESP8266_RTOS_SDK/components/mbedtls/mbedtls/include -I /home/hatta/esp/ESP8266_RTOS_SDK/components/mbedtls/port/include/esp8266 -I /home/hatta/esp/ESP8266_RTOS_SDK/components/mdns/include -I /home/hatta/esp/ESP8266_RTOS_SDK/components/mqtt/esp-mqtt/include -I /home/hatta/esp/ESP8266_RTOS_SDK/components/newlib/platform_include -I /home/hatta/esp/ESP8266_RTOS_SDK/components/nvs_flash/include -I /home/hatta/esp/ESP8266_RTOS_SDK/components/openssl/include -I /home/hatta/esp/ESP8266_RTOS_SDK/components/protobuf-c/protobuf-c -I /home/hatta/esp/ESP8266_RTOS_SDK/components/pthread/include -I /home/hatta/esp/ESP8266_RTOS_SDK/components/spi_flash/include -I /home/hatta/esp/ESP8266_RTOS_SDK/components/spi_ram/include -I /home/hatta/esp/ESP8266_RTOS_SDK/components/spiffs/include -I /home/hatta/esp/ESP8266_RTOS_SDK/components/tcp_transport/include -I /home/hatta/esp/ESP8266_RTOS_SDK/components/tcpip_adapter/include -I /home/hatta/esp/ESP8266_RTOS_SDK/components/tcpip_adapter/include -I /home/hatta/esp/hello_world1/components/test/include -I /home/hatta/esp/hello_world1/components/uart/include -I /home/hatta/esp/ESP8266_RTOS_SDK/components/vfs/include -I /home/hatta/esp/ESP8266_RTOS_SDK/components/wear_levelling/include -I /home/hatta/esp/ESP8266_RTOS_SDK/components/wpa_supplicant/include -I /home/hatta/esp/ESP8266_RTOS_SDK/components/wpa_supplicant/port/include -I /home/hatta/esp/ESP8266_RTOS_SDK/components/wpa_supplicant/include/esp_supplicant -I /home/hatta/esp/hello_world1/build/include  -I . -c /home/hatta/esp/hello_world1/main/main.c -o main.o
echo "/home/hatta/esp/hello_world1/main/./main.c:" >> main.d
rm -f libmain.a
xtensa-lx106-elf-ar cru libmain.a ./main.o   
make[1]: Leaving directory '/home/hatta/esp/hello_world1/build/main'
Target 'component-main-build' responsible for '/home/hatta/esp/hello_world1/build/main/libmain.a'
/usr/bin/make -C /home/hatta/esp/hello_world1/build/mbedtls -f /home/hatta/esp/ESP8266_RTOS_SDK/make/component_wrapper.mk COMPONENT_MAKEFILE=/home/hatta/esp/ESP8266_RTOS_SDK/components/mbedtls/component.mk COMPONENT_NAME=mbedtls build
make[1]: Entering directory '/home/hatta/esp/hello_world1/build/mbedtls'
make[1]: Nothing to be done for 'build'.
make[1]: Leaving directory '/home/hatta/esp/hello_world1/build/mbedtls'
Target 'component-mbedtls-build' responsible for '/home/hatta/esp/hello_world1/build/mbedtls/libmbedtls.a'
/usr/bin/make -C /home/hatta/esp/hello_world1/build/mdns -f /home/hatta/esp/ESP8266_RTOS_SDK/make/component_wrapper.mk COMPONENT_MAKEFILE=/home/hatta/esp/ESP8266_RTOS_SDK/components/mdns/component.mk COMPONENT_NAME=mdns build
make[1]: Entering directory '/home/hatta/esp/hello_world1/build/mdns'
make[1]: Nothing to be done for 'build'.
make[1]: Leaving directory '/home/hatta/esp/hello_world1/build/mdns'
Target 'component-mdns-build' responsible for '/home/hatta/esp/hello_world1/build/mdns/libmdns.a'
/usr/bin/make -C /home/hatta/esp/hello_world1/build/mqtt -f /home/hatta/esp/ESP8266_RTOS_SDK/make/component_wrapper.mk COMPONENT_MAKEFILE=/home/hatta/esp/ESP8266_RTOS_SDK/components/mqtt/component.mk COMPONENT_NAME=mqtt build
make[1]: Entering directory '/home/hatta/esp/hello_world1/build/mqtt'
make[1]: Nothing to be done for 'build'.
make[1]: Leaving directory '/home/hatta/esp/hello_world1/build/mqtt'
Target 'component-mqtt-build' responsible for '/home/hatta/esp/hello_world1/build/mqtt/libmqtt.a'
/usr/bin/make -C /home/hatta/esp/hello_world1/build/newlib -f /home/hatta/esp/ESP8266_RTOS_SDK/make/component_wrapper.mk COMPONENT_MAKEFILE=/home/hatta/esp/ESP8266_RTOS_SDK/components/newlib/component.mk COMPONENT_NAME=newlib build
make[1]: Entering directory '/home/hatta/esp/hello_world1/build/newlib'
make[1]: Nothing to be done for 'build'.
make[1]: Leaving directory '/home/hatta/esp/hello_world1/build/newlib'
Target 'component-newlib-build' responsible for '/home/hatta/esp/hello_world1/build/newlib/libnewlib.a'
/usr/bin/make -C /home/hatta/esp/hello_world1/build/nvs_flash -f /home/hatta/esp/ESP8266_RTOS_SDK/make/component_wrapper.mk COMPONENT_MAKEFILE=/home/hatta/esp/ESP8266_RTOS_SDK/components/nvs_flash/component.mk COMPONENT_NAME=nvs_flash build
make[1]: Entering directory '/home/hatta/esp/hello_world1/build/nvs_flash'
make[1]: Nothing to be done for 'build'.
make[1]: Leaving directory '/home/hatta/esp/hello_world1/build/nvs_flash'
Target 'component-nvs_flash-build' responsible for '/home/hatta/esp/hello_world1/build/nvs_flash/libnvs_flash.a'
/usr/bin/make -C /home/hatta/esp/hello_world1/build/openssl -f /home/hatta/esp/ESP8266_RTOS_SDK/make/component_wrapper.mk COMPONENT_MAKEFILE=/home/hatta/esp/ESP8266_RTOS_SDK/components/openssl/component.mk COMPONENT_NAME=openssl build
make[1]: Entering directory '/home/hatta/esp/hello_world1/build/openssl'
make[1]: Nothing to be done for 'build'.
make[1]: Leaving directory '/home/hatta/esp/hello_world1/build/openssl'
Target 'component-openssl-build' responsible for '/home/hatta/esp/hello_world1/build/openssl/libopenssl.a'
/usr/bin/make -C /home/hatta/esp/hello_world1/build/protobuf-c -f /home/hatta/esp/ESP8266_RTOS_SDK/make/component_wrapper.mk COMPONENT_MAKEFILE=/home/hatta/esp/ESP8266_RTOS_SDK/components/protobuf-c/component.mk COMPONENT_NAME=protobuf-c build
make[1]: Entering directory '/home/hatta/esp/hello_world1/build/protobuf-c'
make[1]: Nothing to be done for 'build'.
make[1]: Leaving directory '/home/hatta/esp/hello_world1/build/protobuf-c'
Target 'component-protobuf-c-build' responsible for '/home/hatta/esp/hello_world1/build/protobuf-c/libprotobuf-c.a'
/usr/bin/make -C /home/hatta/esp/hello_world1/build/protocomm -f /home/hatta/esp/ESP8266_RTOS_SDK/make/component_wrapper.mk COMPONENT_MAKEFILE=/home/hatta/esp/ESP8266_RTOS_SDK/components/protocomm/component.mk COMPONENT_NAME=protocomm build
make[1]: Entering directory '/home/hatta/esp/hello_world1/build/protocomm'
make[1]: Nothing to be done for 'build'.
make[1]: Leaving directory '/home/hatta/esp/hello_world1/build/protocomm'
Target 'component-protocomm-build' responsible for '/home/hatta/esp/hello_world1/build/protocomm/libprotocomm.a'
/usr/bin/make -C /home/hatta/esp/hello_world1/build/pthread -f /home/hatta/esp/ESP8266_RTOS_SDK/make/component_wrapper.mk COMPONENT_MAKEFILE=/home/hatta/esp/ESP8266_RTOS_SDK/components/pthread/component.mk COMPONENT_NAME=pthread build
make[1]: Entering directory '/home/hatta/esp/hello_world1/build/pthread'
make[1]: Nothing to be done for 'build'.
make[1]: Leaving directory '/home/hatta/esp/hello_world1/build/pthread'
Target 'component-pthread-build' responsible for '/home/hatta/esp/hello_world1/build/pthread/libpthread.a'
/usr/bin/make -C /home/hatta/esp/hello_world1/build/spi_flash -f /home/hatta/esp/ESP8266_RTOS_SDK/make/component_wrapper.mk COMPONENT_MAKEFILE=/home/hatta/esp/ESP8266_RTOS_SDK/components/spi_flash/component.mk COMPONENT_NAME=spi_flash build
make[1]: Entering directory '/home/hatta/esp/hello_world1/build/spi_flash'
make[1]: Nothing to be done for 'build'.
make[1]: Leaving directory '/home/hatta/esp/hello_world1/build/spi_flash'
Target 'component-spi_flash-build' responsible for '/home/hatta/esp/hello_world1/build/spi_flash/libspi_flash.a'
/usr/bin/make -C /home/hatta/esp/hello_world1/build/spi_ram -f /home/hatta/esp/ESP8266_RTOS_SDK/make/component_wrapper.mk COMPONENT_MAKEFILE=/home/hatta/esp/ESP8266_RTOS_SDK/components/spi_ram/component.mk COMPONENT_NAME=spi_ram build
make[1]: Entering directory '/home/hatta/esp/hello_world1/build/spi_ram'
make[1]: Nothing to be done for 'build'.
make[1]: Leaving directory '/home/hatta/esp/hello_world1/build/spi_ram'
Target 'component-spi_ram-build' responsible for '/home/hatta/esp/hello_world1/build/spi_ram/libspi_ram.a'
/usr/bin/make -C /home/hatta/esp/hello_world1/build/spiffs -f /home/hatta/esp/ESP8266_RTOS_SDK/make/component_wrapper.mk COMPONENT_MAKEFILE=/home/hatta/esp/ESP8266_RTOS_SDK/components/spiffs/component.mk COMPONENT_NAME=spiffs build
make[1]: Entering directory '/home/hatta/esp/hello_world1/build/spiffs'
make[1]: Nothing to be done for 'build'.
make[1]: Leaving directory '/home/hatta/esp/hello_world1/build/spiffs'
Target 'component-spiffs-build' responsible for '/home/hatta/esp/hello_world1/build/spiffs/libspiffs.a'
/usr/bin/make -C /home/hatta/esp/hello_world1/build/tcp_transport -f /home/hatta/esp/ESP8266_RTOS_SDK/make/component_wrapper.mk COMPONENT_MAKEFILE=/home/hatta/esp/ESP8266_RTOS_SDK/components/tcp_transport/component.mk COMPONENT_NAME=tcp_transport build
make[1]: Entering directory '/home/hatta/esp/hello_world1/build/tcp_transport'
make[1]: Nothing to be done for 'build'.
make[1]: Leaving directory '/home/hatta/esp/hello_world1/build/tcp_transport'
Target 'component-tcp_transport-build' responsible for '/home/hatta/esp/hello_world1/build/tcp_transport/libtcp_transport.a'
/usr/bin/make -C /home/hatta/esp/hello_world1/build/tcpip_adapter -f /home/hatta/esp/ESP8266_RTOS_SDK/make/component_wrapper.mk COMPONENT_MAKEFILE=/home/hatta/esp/ESP8266_RTOS_SDK/components/tcpip_adapter/component.mk COMPONENT_NAME=tcpip_adapter build
make[1]: Entering directory '/home/hatta/esp/hello_world1/build/tcpip_adapter'
make[1]: Nothing to be done for 'build'.
make[1]: Leaving directory '/home/hatta/esp/hello_world1/build/tcpip_adapter'
Target 'component-tcpip_adapter-build' responsible for '/home/hatta/esp/hello_world1/build/tcpip_adapter/libtcpip_adapter.a'
/usr/bin/make -C /home/hatta/esp/hello_world1/build/test -f /home/hatta/esp/ESP8266_RTOS_SDK/make/component_wrapper.mk COMPONENT_MAKEFILE=/home/hatta/esp/hello_world1/components/test/component.mk COMPONENT_NAME=test build
make[1]: Entering directory '/home/hatta/esp/hello_world1/build/test'
xtensa-lx106-elf-gcc -std=gnu99 -Og -ggdb -Wno-frame-address -ffunction-sections -fdata-sections -fstrict-volatile-bitfields -mlongcalls -nostdlib -Wall -Werror=all -Wno-error=unused-function -Wno-error=unused-but-set-variable -Wno-error=unused-variable -Wno-error=deprecated-declarations -Wextra -Wno-unused-parameter -Wno-sign-compare -Wno-old-style-declaration -DICACHE_FLASH -D__ESP_FILE__='"diffrent_baud_rates_test.c"' -DAPP_OFFSET=0x10000 -DAPP_SIZE=0xf0000 -DESP_PLATFORM -D IDF_VER=\"v3.4-104-g2f586ea4-dirty\" -MMD -MP   -D_GNU_SOURCE -DGCC_NOT_5_2_0=1 -DMBEDTLS_CONFIG_FILE='"mbedtls/esp_config.h"' -DCONFIG_SSL_USING_MBEDTLS -I /home/hatta/esp/hello_world1/components/test/include -I /home/hatta/esp/ESP8266_RTOS_SDK/components/app_update/include -I /home/hatta/esp/ESP8266_RTOS_SDK/components/bootloader_support/include -I /home/hatta/esp/ESP8266_RTOS_SDK/components/coap/include -I /home/hatta/esp/ESP8266_RTOS_SDK/components/console -I /home/hatta/esp/ESP8266_RTOS_SDK/components/esp-tls -I /home/hatta/esp/ESP8266_RTOS_SDK/components/esp-tls/private_include -I /home/hatta/esp/ESP8266_RTOS_SDK/components/esp-wolfssl/include -I /home/hatta/esp/ESP8266_RTOS_SDK/components/esp8266/include -I /home/hatta/esp/ESP8266_RTOS_SDK/components/esp8266/include -I /home/hatta/esp/ESP8266_RTOS_SDK/components/esp_common/include -I /home/hatta/esp/ESP8266_RTOS_SDK/components/esp_event/include -I /home/hatta/esp/ESP8266_RTOS_SDK/components/esp_gdbstub/include -I /home/hatta/esp/ESP8266_RTOS_SDK/components/esp_http_client/include -I /home/hatta/esp/ESP8266_RTOS_SDK/components/esp_http_server/include -I /home/hatta/esp/ESP8266_RTOS_SDK/components/esp_https_ota/include -I /home/hatta/esp/ESP8266_RTOS_SDK/components/esp_ringbuf/include -I /home/hatta/esp/ESP8266_RTOS_SDK/components/esp_ringbuf/include/freertos -I /home/hatta/esp/ESP8266_RTOS_SDK/components/fatfs/diskio -I /home/hatta/esp/ESP8266_RTOS_SDK/components/fatfs/vfs -I /home/hatta/esp/ESP8266_RTOS_SDK/components/fatfs/src -I /home/hatta/esp/ESP8266_RTOS_SDK/components/freemodbus/common/include -I /home/hatta/esp/ESP8266_RTOS_SDK/components/freertos/include -I /home/hatta/esp/ESP8266_RTOS_SDK/components/freertos/include -I /home/hatta/esp/ESP8266_RTOS_SDK/components/freertos/include/freertos -I /home/hatta/esp/ESP8266_RTOS_SDK/components/freertos/include/freertos/private -I /home/hatta/esp/ESP8266_RTOS_SDK/components/freertos/port/esp8266/include -I /home/hatta/esp/ESP8266_RTOS_SDK/components/freertos/port/esp8266/include/freertos -I /home/hatta/esp/ESP8266_RTOS_SDK/components/heap/include -I /home/hatta/esp/ESP8266_RTOS_SDK/components/heap/port/esp8266/include -I /home/hatta/esp/ESP8266_RTOS_SDK/components/http_parser/include -I /home/hatta/esp/ESP8266_RTOS_SDK/components/jsmn/include -I /home/hatta/esp/ESP8266_RTOS_SDK/components/json/cJSON -I /home/hatta/esp/ESP8266_RTOS_SDK/components/libsodium/libsodium/src/libsodium/include -I /home/hatta/esp/ESP8266_RTOS_SDK/components/libsodium/port_include -I /home/hatta/esp/ESP8266_RTOS_SDK/components/log/include -I /home/hatta/esp/ESP8266_RTOS_SDK/components/lwip/include/apps -I /home/hatta/esp/ESP8266_RTOS_SDK/components/lwip/include/apps/sntp -I /home/hatta/esp/ESP8266_RTOS_SDK/components/lwip/lwip/src/include -I /home/hatta/esp/ESP8266_RTOS_SDK/components/lwip/port/esp8266/include -I /home/hatta/esp/ESP8266_RTOS_SDK/components/lwip/port/esp8266/include/arch -I /home/hatta/esp/hello_world1/main/include -I /home/hatta/esp/ESP8266_RTOS_SDK/components/mbedtls/port/include -I /home/hatta/esp/ESP8266_RTOS_SDK/components/mbedtls/mbedtls/include -I /home/hatta/esp/ESP8266_RTOS_SDK/components/mbedtls/port/include/esp8266 -I /home/hatta/esp/ESP8266_RTOS_SDK/components/mdns/include -I /home/hatta/esp/ESP8266_RTOS_SDK/components/mqtt/esp-mqtt/include -I /home/hatta/esp/ESP8266_RTOS_SDK/components/newlib/platform_include -I /home/hatta/esp/ESP8266_RTOS_SDK/components/nvs_flash/include -I /home/hatta/esp/ESP8266_RTOS_SDK/components/openssl/include -I /home/hatta/esp/ESP8266_RTOS_SDK/components/protobuf-c/protobuf-c -I /home/hatta/esp/ESP8266_RTOS_SDK/components/pthread/include -I /home/hatta/esp/ESP8266_RTOS_SDK/components/spi_flash/include -I /home/hatta/esp/ESP8266_RTOS_SDK/components/spi_ram/include -I /home/hatta/esp/ESP8266_RTOS_SDK/components/spiffs/include -I /home/hatta/esp/ESP8266_RTOS_SDK/components/tcp_transport/include -I /home/hatta/esp/ESP8266_RTOS_SDK/components/tcpip_adapter/include -I /home/hatta/esp/ESP8266_RTOS_SDK/components/tcpip_adapter/include -I /home/hatta/esp/hello_world1/components/uart/include -I /home/hatta/esp/ESP8266_RTOS_SDK/components/vfs/include -I /home/hatta/esp/ESP8266_RTOS_SDK/components/wear_levelling/include -I /home/hatta/esp/ESP8266_RTOS_SDK/components/wpa_supplicant/include -I /home/hatta/esp/ESP8266_RTOS_SDK/components/wpa_supplicant/port/include -I /home/hatta/esp/ESP8266_RTOS_SDK/components/wpa_supplicant/include/esp_supplicant -I /home/hatta/esp/hello_world1/build/include  -I . -c /home/hatta/esp/hello_world1/components/test/diffrent_baud_rates_test.c -o diffrent_baud_rates_test.o
echo "/home/hatta/esp/hello_world1/components/test/./diffrent_baud_rates_test.c:" >> diffrent_baud_rates_test.d
rm -f libtest.a
xtensa-lx106-elf-ar cru libtest.a ./diffrent_baud_rates_test.o ./unity.o   
make[1]: Leaving directory '/home/hatta/esp/hello_world1/build/test'
Target 'component-test-build' responsible for '/home/hatta/esp/hello_world1/build/test/libtest.a'
/usr/bin/make -C /home/hatta/esp/hello_world1/build/uart -f /home/hatta/esp/ESP8266_RTOS_SDK/make/component_wrapper.mk COMPONENT_MAKEFILE=/home/hatta/esp/hello_world1/components/uart/component.mk COMPONENT_NAME=uart build
make[1]: Entering directory '/home/hatta/esp/hello_world1/build/uart'
xtensa-lx106-elf-gcc -std=gnu99 -Og -ggdb -Wno-frame-address -ffunction-sections -fdata-sections -fstrict-volatile-bitfields -mlongcalls -nostdlib -Wall -Werror=all -Wno-error=unused-function -Wno-error=unused-but-set-variable -Wno-error=unused-variable -Wno-error=deprecated-declarations -Wextra -Wno-unused-parameter -Wno-sign-compare -Wno-old-style-declaration -DICACHE_FLASH -D__ESP_FILE__='"recive_uart.c"' -DAPP_OFFSET=0x10000 -DAPP_SIZE=0xf0000 -DESP_PLATFORM -D IDF_VER=\"v3.4-104-g2f586ea4-dirty\" -MMD -MP   -D_GNU_SOURCE -DGCC_NOT_5_2_0=1 -DMBEDTLS_CONFIG_FILE='"mbedtls/esp_config.h"' -DCONFIG_SSL_USING_MBEDTLS -I /home/hatta/esp/hello_world1/components/uart/include -I /home/hatta/esp/ESP8266_RTOS_SDK/components/app_update/include -I /home/hatta/esp/ESP8266_RTOS_SDK/components/bootloader_support/include -I /home/hatta/esp/ESP8266_RTOS_SDK/components/coap/include -I /home/hatta/esp/ESP8266_RTOS_SDK/components/console -I /home/hatta/esp/ESP8266_RTOS_SDK/components/esp-tls -I /home/hatta/esp/ESP8266_RTOS_SDK/components/esp-tls/private_include -I /home/hatta/esp/ESP8266_RTOS_SDK/components/esp-wolfssl/include -I /home/hatta/esp/ESP8266_RTOS_SDK/components/esp8266/include -I /home/hatta/esp/ESP8266_RTOS_SDK/components/esp8266/include -I /home/hatta/esp/ESP8266_RTOS_SDK/components/esp_common/include -I /home/hatta/esp/ESP8266_RTOS_SDK/components/esp_event/include -I /home/hatta/esp/ESP8266_RTOS_SDK/components/esp_gdbstub/include -I /home/hatta/esp/ESP8266_RTOS_SDK/components/esp_http_client/include -I /home/hatta/esp/ESP8266_RTOS_SDK/components/esp_http_server/include -I /home/hatta/esp/ESP8266_RTOS_SDK/components/esp_https_ota/include -I /home/hatta/esp/ESP8266_RTOS_SDK/components/esp_ringbuf/include -I /home/hatta/esp/ESP8266_RTOS_SDK/components/esp_ringbuf/include/freertos -I /home/hatta/esp/ESP8266_RTOS_SDK/components/fatfs/diskio -I /home/hatta/esp/ESP8266_RTOS_SDK/components/fatfs/vfs -I /home/hatta/esp/ESP8266_RTOS_SDK/components/fatfs/src -I /home/hatta/esp/ESP8266_RTOS_SDK/components/freemodbus/common/include -I /home/hatta/esp/ESP8266_RTOS_SDK/components/freertos/include -I /home/hatta/esp/ESP8266_RTOS_SDK/components/freertos/include -I /home/hatta/esp/ESP8266_RTOS_SDK/components/freertos/include/freertos -I /home/hatta/esp/ESP8266_RTOS_SDK/components/freertos/include/freertos/private -I /home/hatta/esp/ESP8266_RTOS_SDK/components/freertos/port/esp8266/include -I /home/hatta/esp/ESP8266_RTOS_SDK/components/freertos/port/esp8266/include/freertos -I /home/hatta/esp/ESP8266_RTOS_SDK/components/heap/include -I /home/hatta/esp/ESP8266_RTOS_SDK/components/heap/port/esp8266/include -I /home/hatta/esp/ESP8266_RTOS_SDK/components/http_parser/include -I /home/hatta/esp/ESP8266_RTOS_SDK/components/jsmn/include -I /home/hatta/esp/ESP8266_RTOS_SDK/components/json/cJSON -I /home/hatta/esp/ESP8266_RTOS_SDK/components/libsodium/libsodium/src/libsodium/include -I /home/hatta/esp/ESP8266_RTOS_SDK/components/libsodium/port_include -I /home/hatta/esp/ESP8266_RTOS_SDK/components/log/include -I /home/hatta/esp/ESP8266_RTOS_SDK/components/lwip/include/apps -I /home/hatta/esp/ESP8266_RTOS_SDK/components/lwip/include/apps/sntp -I /home/hatta/esp/ESP8266_RTOS_SDK/components/lwip/lwip/src/include -I /home/hatta/esp/ESP8266_RTOS_SDK/components/lwip/port/esp8266/include -I /home/hatta/esp/ESP8266_RTOS_SDK/components/lwip/port/esp8266/include/arch -I /home/hatta/esp/hello_world1/main/include -I /home/hatta/esp/ESP8266_RTOS_SDK/components/mbedtls/port/include -I /home/hatta/esp/ESP8266_RTOS_SDK/components/mbedtls/mbedtls/include -I /home/hatta/esp/ESP8266_RTOS_SDK/components/mbedtls/port/include/esp8266 -I /home/hatta/esp/ESP8266_RTOS_SDK/components/mdns/include -I /home/hatta/esp/ESP8266_RTOS_SDK/components/mqtt/esp-mqtt/include -I /home/hatta/esp/ESP8266_RTOS_SDK/components/newlib/platform_include -I /home/hatta/esp/ESP8266_RTOS_SDK/components/nvs_flash/include -I /home/hatta/esp/ESP8266_RTOS_SDK/components/openssl/include -I /home/hatta/esp/ESP8266_RTOS_SDK/components/protobuf-c/protobuf-c -I /home/hatta/esp/ESP8266_RTOS_SDK/components/pthread/include -I /home/hatta/esp/ESP8266_RTOS_SDK/components/spi_flash/include -I /home/hatta/esp/ESP8266_RTOS_SDK/components/spi_ram/include -I /home/hatta/esp/ESP8266_RTOS_SDK/components/spiffs/include -I /home/hatta/esp/ESP8266_RTOS_SDK/components/tcp_transport/include -I /home/hatta/esp/ESP8266_RTOS_SDK/components/tcpip_adapter/include -I /home/hatta/esp/ESP8266_RTOS_SDK/components/tcpip_adapter/include -I /home/hatta/esp/hello_world1/components/test/include -I /home/hatta/esp/ESP8266_RTOS_SDK/components/vfs/include -I /home/hatta/esp/ESP8266_RTOS_SDK/components/wear_levelling/include -I /home/hatta/esp/ESP8266_RTOS_SDK/components/wpa_supplicant/include -I /home/hatta/esp/ESP8266_RTOS_SDK/components/wpa_supplicant/port/include -I /home/hatta/esp/ESP8266_RTOS_SDK/components/wpa_supplicant/include/esp_supplicant -I /home/hatta/esp/hello_world1/build/include  -I . -c /home/hatta/esp/hello_world1/components/uart/recive_uart.c -o recive_uart.o
echo "/home/hatta/esp/hello_world1/components/uart/./recive_uart.c:" >> recive_uart.d
rm -f libuart.a
xtensa-lx106-elf-ar cru libuart.a ./recive_uart.o ./transmit_uart.o   
make[1]: Leaving directory '/home/hatta/esp/hello_world1/build/uart'
Target 'component-uart-build' responsible for '/home/hatta/esp/hello_world1/build/uart/libuart.a'
/usr/bin/make -C /home/hatta/esp/hello_world1/build/vfs -f /home/hatta/esp/ESP8266_RTOS_SDK/make/component_wrapper.mk COMPONENT_MAKEFILE=/home/hatta/esp/ESP8266_RTOS_SDK/components/vfs/component.mk COMPONENT_NAME=vfs build
make[1]: Entering directory '/home/hatta/esp/hello_world1/build/vfs'
make[1]: Nothing to be done for 'build'.
make[1]: Leaving directory '/home/hatta/esp/hello_world1/build/vfs'
Target 'component-vfs-build' responsible for '/home/hatta/esp/hello_world1/build/vfs/libvfs.a'
/usr/bin/make -C /home/hatta/esp/hello_world1/build/wear_levelling -f /home/hatta/esp/ESP8266_RTOS_SDK/make/component_wrapper.mk COMPONENT_MAKEFILE=/home/hatta/esp/ESP8266_RTOS_SDK/components/wear_levelling/component.mk COMPONENT_NAME=wear_levelling build
make[1]: Entering directory '/home/hatta/esp/hello_world1/build/wear_levelling'
make[1]: Nothing to be done for 'build'.
make[1]: Leaving directory '/home/hatta/esp/hello_world1/build/wear_levelling'
Target 'component-wear_levelling-build' responsible for '/home/hatta/esp/hello_world1/build/wear_levelling/libwear_levelling.a'
/usr/bin/make -C /home/hatta/esp/hello_world1/build/wifi_provisioning -f /home/hatta/esp/ESP8266_RTOS_SDK/make/component_wrapper.mk COMPONENT_MAKEFILE=/home/hatta/esp/ESP8266_RTOS_SDK/components/wifi_provisioning/component.mk COMPONENT_NAME=wifi_provisioning build
make[1]: Entering directory '/home/hatta/esp/hello_world1/build/wifi_provisioning'
make[1]: Nothing to be done for 'build'.
make[1]: Leaving directory '/home/hatta/esp/hello_world1/build/wifi_provisioning'
Target 'component-wifi_provisioning-build' responsible for '/home/hatta/esp/hello_world1/build/wifi_provisioning/libwifi_provisioning.a'
/usr/bin/make -C /home/hatta/esp/hello_world1/build/wpa_supplicant -f /home/hatta/esp/ESP8266_RTOS_SDK/make/component_wrapper.mk COMPONENT_MAKEFILE=/home/hatta/esp/ESP8266_RTOS_SDK/components/wpa_supplicant/component.mk COMPONENT_NAME=wpa_supplicant build
make[1]: Entering directory '/home/hatta/esp/hello_world1/build/wpa_supplicant'
make[1]: Nothing to be done for 'build'.
make[1]: Leaving directory '/home/hatta/esp/hello_world1/build/wpa_supplicant'
Target 'component-wpa_supplicant-build' responsible for '/home/hatta/esp/hello_world1/build/wpa_supplicant/libwpa_supplicant.a'
printf "C:/msys32/home/hatta/esp/hello_world1/build/app_update/libapp_update.a\n C:/msys32/home/hatta/esp/hello_world1/build/bootloader_support/libbootloader_support.a\n C:/msys32/home/hatta/esp/hello_world1/build/coap/libcoap.a\n C:/msys32/home/hatta/esp/hello_world1/build/console/libconsole.a\n C:/msys32/home/hatta/esp/hello_world1/build/esp-tls/libesp-tls.a\n C:/msys32/home/hatta/esp/hello_world1/build/esp-wolfssl/libesp-wolfssl.a\n C:/msys32/home/hatta/esp/hello_world1/build/esp8266/libesp8266.a\n C:/msys32/home/hatta/esp/hello_world1/build/esp_common/libesp_common.a\n C:/msys32/home/hatta/esp/hello_world1/build/esp_event/libesp_event.a\n C:/msys32/home/hatta/esp/hello_world1/build/esp_gdbstub/libesp_gdbstub.a\n C:/msys32/home/hatta/esp/hello_world1/build/esp_http_client/libesp_http_client.a\n C:/msys32/home/hatta/esp/hello_world1/build/esp_http_server/libesp_http_server.a\n C:/msys32/home/hatta/esp/hello_world1/build/esp_https_ota/libesp_https_ota.a\n C:/msys32/home/hatta/esp/hello_world1/build/esp_ringbuf/libesp_ringbuf.a\n C:/msys32/home/hatta/esp/hello_world1/build/fatfs/libfatfs.a\n C:/msys32/home/hatta/esp/hello_world1/build/freemodbus/libfreemodbus.a\n C:/msys32/home/hatta/esp/hello_world1/build/freertos/libfreertos.a\n C:/msys32/home/hatta/esp/hello_world1/build/heap/libheap.a\n C:/msys32/home/hatta/esp/hello_world1/build/http_parser/libhttp_parser.a\n C:/msys32/home/hatta/esp/hello_world1/build/jsmn/libjsmn.a\n C:/msys32/home/hatta/esp/hello_world1/build/json/libjson.a\n C:/msys32/home/hatta/esp/hello_world1/build/libsodium/liblibsodium.a\n C:/msys32/home/hatta/esp/hello_world1/build/log/liblog.a\n C:/msys32/home/hatta/esp/hello_world1/build/lwip/liblwip.a\n C:/msys32/home/hatta/esp/hello_world1/build/main/libmain.a\n C:/msys32/home/hatta/esp/hello_world1/build/mbedtls/libmbedtls.a\n C:/msys32/home/hatta/esp/hello_world1/build/mdns/libmdns.a\n C:/msys32/home/hatta/esp/hello_world1/build/mqtt/libmqtt.a\n C:/msys32/home/hatta/esp/hello_world1/build/newlib/libnewlib.a\n C:/msys32/home/hatta/esp/hello_world1/build/nvs_flash/libnvs_flash.a\n C:/msys32/home/hatta/esp/hello_world1/build/openssl/libopenssl.a\n C:/msys32/home/hatta/esp/hello_world1/build/protobuf-c/libprotobuf-c.a\n C:/msys32/home/hatta/esp/hello_world1/build/protocomm/libprotocomm.a\n C:/msys32/home/hatta/esp/hello_world1/build/pthread/libpthread.a\n C:/msys32/home/hatta/esp/hello_world1/build/spi_flash/libspi_flash.a\n C:/msys32/home/hatta/esp/hello_world1/build/spi_ram/libspi_ram.a\n C:/msys32/home/hatta/esp/hello_world1/build/spiffs/libspiffs.a\n C:/msys32/home/hatta/esp/hello_world1/build/tcp_transport/libtcp_transport.a\n C:/msys32/home/hatta/esp/hello_world1/build/tcpip_adapter/libtcpip_adapter.a\n C:/msys32/home/hatta/esp/hello_world1/build/test/libtest.a\n C:/msys32/home/hatta/esp/hello_world1/build/uart/libuart.a\n C:/msys32/home/hatta/esp/hello_world1/build/vfs/libvfs.a\n C:/msys32/home/hatta/esp/hello_world1/build/wear_levelling/libwear_levelling.a\n C:/msys32/home/hatta/esp/hello_world1/build/wifi_provisioning/libwifi_provisioning.a\n C:/msys32/home/hatta/esp/hello_world1/build/wpa_supplicant/libwpa_supplicant.a\n" > /home/hatta/esp/hello_world1/build/ldgen_libraries
Generating esp8266.project.ld
python /home/hatta/esp/ESP8266_RTOS_SDK/tools/ldgen/ldgen.py --input         /home/hatta/esp/ESP8266_RTOS_SDK/components/esp8266/ld/esp8266.project.ld.in --config        /home/hatta/esp/hello_world1/sdkconfig --fragments            /home/hatta/esp/ESP8266_RTOS_SDK/components/esp8266/ld/esp8266_fragments.lf /home/hatta/esp/ESP8266_RTOS_SDK/components/esp8266/ld/esp8266_bss_fragments.lf /home/hatta/esp/ESP8266_RTOS_SDK/components/esp8266/linker.lf          /home/hatta/esp/ESP8266_RTOS_SDK/components/freertos/linker.lf      /home/hatta/esp/ESP8266_RTOS_SDK/components/log/linker.lf /home/hatta/esp/ESP8266_RTOS_SDK/components/lwip/linker.lf           /home/hatta/esp/ESP8266_RTOS_SDK/components/spi_flash/linker.lf           --libraries-file /home/hatta/esp/hello_world1/build/ldgen_libraries --output        /home/hatta/esp/hello_world1/build/esp8266/esp8266.project.ld --kconfig       /home/hatta/esp/ESP8266_RTOS_SDK/Kconfig --env           "COMPONENT_KCONFIGS= C:/msys32/home/hatta/esp/ESP8266_RTOS_SDK/components/app_update/Kconfig  C:/msys32/home/hatta/esp/ESP8266_RTOS_SDK/components/coap/Kconfig  C:/msys32/home/hatta/esp/ESP8266_RTOS_SDK/components/esp-tls/Kconfig  C:/msys32/home/hatta/esp/ESP8266_RTOS_SDK/components/esp-wolfssl/Kconfig  C:/msys32/home/hatta/esp/ESP8266_RTOS_SDK/components/esp8266/Kconfig  C:/msys32/home/hatta/esp/ESP8266_RTOS_SDK/components/esp_common/Kconfig  C:/msys32/home/hatta/esp/ESP8266_RTOS_SDK/components/esp_event/Kconfig  C:/msys32/home/hatta/esp/ESP8266_RTOS_SDK/components/esp_gdbstub/Kconfig  C:/msys32/home/hatta/esp/ESP8266_RTOS_SDK/components/esp_http_client/Kconfig  C:/msys32/home/hatta/esp/ESP8266_RTOS_SDK/components/esp_http_server/Kconfig  C:/msys32/home/hatta/esp/ESP8266_RTOS_SDK/components/esp_https_ota/Kconfig  C:/msys32/home/hatta/esp/ESP8266_RTOS_SDK/components/fatfs/Kconfig  C:/msys32/home/hatta/esp/ESP8266_RTOS_SDK/components/freemodbus/Kconfig  C:/msys32/home/hatta/esp/ESP8266_RTOS_SDK/components/freertos/Kconfig  C:/msys32/home/hatta/esp/ESP8266_RTOS_SDK/components/heap/Kconfig  C:/msys32/home/hatta/esp/ESP8266_RTOS_SDK/components/libsodium/Kconfig  C:/msys32/home/hatta/esp/ESP8266_RTOS_SDK/components/log/Kconfig  C:/msys32/home/hatta/esp/ESP8266_RTOS_SDK/components/lwip/Kconfig  C:/msys32/home/hatta/esp/ESP8266_RTOS_SDK/components/mbedtls/Kconfig  C:/msys32/home/hatta/esp/ESP8266_RTOS_SDK/components/mdns/Kconfig  C:/msys32/home/hatta/esp/ESP8266_RTOS_SDK/components/mqtt/Kconfig  C:/msys32/home/hatta/esp/ESP8266_RTOS_SDK/components/newlib/Kconfig  C:/msys32/home/hatta/esp/ESP8266_RTOS_SDK/components/openssl/Kconfig  C:/msys32/home/hatta/esp/ESP8266_RTOS_SDK/components/pthread/Kconfig  C:/msys32/home/hatta/esp/ESP8266_RTOS_SDK/components/spi_flash/Kconfig  C:/msys32/home/hatta/esp/ESP8266_RTOS_SDK/components/spiffs/Kconfig  C:/msys32/home/hatta/esp/ESP8266_RTOS_SDK/components/tcpip_adapter/Kconfig  C:/msys32/home/hatta/esp/ESP8266_RTOS_SDK/components/vfs/Kconfig  C:/msys32/home/hatta/esp/ESP8266_RTOS_SDK/components/wear_levelling/Kconfig  C:/msys32/home/hatta/esp/ESP8266_RTOS_SDK/components/wifi_provisioning/Kconfig  C:/msys32/home/hatta/esp/ESP8266_RTOS_SDK/components/wpa_supplicant/Kconfig" --env           "COMPONENT_KCONFIGS_PROJBUILD= C:/msys32/home/hatta/esp/ESP8266_RTOS_SDK/components/bootloader/Kconfig.projbuild  C:/msys32/home/hatta/esp/ESP8266_RTOS_SDK/components/esptool_py/Kconfig.projbuild  C:/msys32/home/hatta/esp/ESP8266_RTOS_SDK/components/partition_table/Kconfig.projbuild" --env           "IDF_CMAKE=n" --objdump		xtensa-lx106-elf-objdump
xtensa-lx106-elf-gcc -nostdlib -u call_user_start_cpu0  -Wl,--gc-sections -Wl,-static -Wl,--start-group  -L/home/hatta/esp/hello_world1/build/app_update -lapp_update -u esp_app_desc -L/home/hatta/esp/hello_world1/build/bootloader_support -lbootloader_support -L/home/hatta/esp/hello_world1/build/coap -lcoap -L/home/hatta/esp/hello_world1/build/console -lconsole -L/home/hatta/esp/hello_world1/build/esp-tls -lesp-tls -L/home/hatta/esp/hello_world1/build/esp-wolfssl -lesp-wolfssl -L/home/hatta/esp/hello_world1/build/esp8266 -lesp8266 -L/home/hatta/esp/ESP8266_RTOS_SDK/components/esp8266/lib -lgcc -lhal -lcore -lnet80211 -lphy -lrtc -lclk -lpp -lsmartconfig -lssc -lespnow -L /home/hatta/esp/ESP8266_RTOS_SDK/components/esp8266/ld -T esp8266_out.ld -T /home/hatta/esp/hello_world1/build/esp8266/esp8266.project.ld -Wl,--no-check-sections -u call_user_start -u g_esp_sys_info -T esp8266.rom.ld -T esp8266.peripherals.ld -L/home/hatta/esp/hello_world1/build/esp_common -lesp_common -L/home/hatta/esp/hello_world1/build/esp_event -lesp_event -L/home/hatta/esp/hello_world1/build/esp_gdbstub -lesp_gdbstub -L/home/hatta/esp/hello_world1/build/esp_http_client -lesp_http_client -L/home/hatta/esp/hello_world1/build/esp_http_server -lesp_http_server -L/home/hatta/esp/hello_world1/build/esp_https_ota -lesp_https_ota -L/home/hatta/esp/hello_world1/build/esp_ringbuf -lesp_ringbuf -L/home/hatta/esp/hello_world1/build/fatfs -lfatfs -L/home/hatta/esp/hello_world1/build/freemodbus -lfreemodbus -L/home/hatta/esp/hello_world1/build/freertos -lfreertos -L/home/hatta/esp/hello_world1/build/heap -lheap -L/home/hatta/esp/hello_world1/build/http_parser -lhttp_parser -L/home/hatta/esp/hello_world1/build/jsmn -ljsmn -L/home/hatta/esp/hello_world1/build/json -ljson -L/home/hatta/esp/hello_world1/build/libsodium -llibsodium -L/home/hatta/esp/hello_world1/build/log -llog -L/home/hatta/esp/hello_world1/build/lwip -llwip -L/home/hatta/esp/hello_world1/build/main -lmain -L/home/hatta/esp/hello_world1/build/mbedtls -lmbedtls -L/home/hatta/esp/hello_world1/build/mdns -lmdns -L/home/hatta/esp/hello_world1/build/mqtt -lmqtt -L/home/hatta/esp/hello_world1/build/newlib -lnewlib -lc_nano -lm -u __errno -L/home/hatta/esp/hello_world1/build/nvs_flash -lnvs_flash -L/home/hatta/esp/hello_world1/build/openssl -lopenssl -L/home/hatta/esp/hello_world1/build/protobuf-c -lprotobuf-c -L/home/hatta/esp/hello_world1/build/protocomm -lprotocomm -L/home/hatta/esp/hello_world1/build/pthread -lpthread -u pthread_include_pthread_impl -u pthread_include_pthread_cond_impl -u pthread_include_pthread_local_storage_impl -L/home/hatta/esp/hello_world1/build/spi_flash -lspi_flash -L/home/hatta/esp/hello_world1/build/spi_ram -lspi_ram -L/home/hatta/esp/hello_world1/build/spiffs -lspiffs -L/home/hatta/esp/hello_world1/build/tcp_transport -ltcp_transport -L/home/hatta/esp/hello_world1/build/tcpip_adapter -ltcpip_adapter -L/home/hatta/esp/hello_world1/build/test -ltest -L/home/hatta/esp/hello_world1/build/uart -luart -L/home/hatta/esp/hello_world1/build/vfs -lvfs -L/home/hatta/esp/hello_world1/build/wear_levelling -lwear_levelling -L/home/hatta/esp/hello_world1/build/wifi_provisioning -lwifi_provisioning -L/home/hatta/esp/hello_world1/build/wpa_supplicant -lwpa_supplicant -lgcc -lstdc++ -lgcov -Wl,--end-group -Wl,-EL -o /home/hatta/esp/hello_world1/build/hello-world.elf -Wl,-Map=/home/hatta/esp/hello_world1/build/hello-world.map
python /home/hatta/esp/ESP8266_RTOS_SDK/components/esptool_py/esptool/esptool.py --chip esp8266 elf2image --flash_mode "dio" --flash_freq "40m" --flash_size "2MB" --version=3 -o /home/hatta/esp/hello_world1/build/hello-world.bin /home/hatta/esp/hello_world1/build/hello-world.elf
esptool.py v2.4.0
To flash all build output, run 'make flash' or:
python /home/hatta/esp/ESP8266_RTOS_SDK/components/esptool_py/esptool/esptool.py --chip esp8266 --port COM3 --baud 115200 --before default_reset --after hard_reset write_flash -z --flash_mode dio --flash_freq 40m --flash_size 2MB 0x0 /home/hatta/esp/hello_world1/build/bootloader/bootloader.bin 0x10000 /home/hatta/esp/hello_world1/build/hello-world.bin 0x8000 /home/hatta/esp/hello_world1/build/partitions_singleapp.bin

17:34:49 Build Finished. 0 errors, 0 warnings. (took 11s.28ms)

